


ARM Macro Assembler    Page 1 


    1 00000000         ;LABEL    DIRECTIVE VALUE  COMMENT
    2 00000000 40025520 
                       PORTF_LOCK
                               EQU              0X40025520  ;LOCK ADRESS
    3 00000000 4C4F434B 
                       PORTF_KEY
                               EQU              0x4C4F434B
    4 00000000 40025524 
                       PORTF_CR
                               EQU              0X40025524  ;COMMITS SETTINGS
    5 00000000 400253FC 
                       GPIO_PORTF_DATA
                               EQU              0x400253FC
    6 00000000 40025400 
                       GPIO_PORTF_DIR
                               EQU              0x40025400
    7 00000000 40025420 
                       GPIO_PORTF_AFSEL
                               EQU              0x40025420
    8 00000000 4002551C 
                       GPIO_PORTF_DEN
                               EQU              0x4002551C
    9 00000000 000000F0 
                       IOB     EQU              0xF0
   10 00000000 400FE608 
                       SYSCTL_RCGCGPIO
                               EQU              0x400FE608
   11 00000000 40025510 
                       PORTF_PUR
                               EQU              0X40025510
   12 00000000         
   13 00000000         ;LABEL  DIRECTIVE VALUE  COMMENT
   14 00000000                 AREA             sdata, DATA, READONLY
   15 00000000                 THUMB
   16 00000000         
   17 00000000         ;*******************************************************
                       ********
   18 00000000         ; Program section           
   19 00000000         ;*******************************************************
                       ********
   20 00000000         ;LABEL  DIRECTIVE VALUE  COMMENT
   21 00000000                 AREA             GPIO, READONLY, CODE
   22 00000000                 THUMB
   23 00000000                 EXPORT           GPIO_INIT
   24 00000000         
   25 00000000         GPIO_INIT
   26 00000000         PROC
   27 00000000 B43F            PUSH             {R0-R5}
   28 00000002 B500            PUSH             {LR}
   29 00000004 4912            LDR              R1,=SYSCTL_RCGCGPIO 
                                                            ; Open port F clock
                                                            
   30 00000006 6808            LDR              R0,[R1]
   31 00000008 F040 0020       ORR              R0,R0,#0x20
   32 0000000C 6008            STR              R0,[R1]
   33 0000000E BF00            NOP
   34 00000010 BF00            NOP
   35 00000012 BF00            NOP                          ; stabilize
   36 00000014         



ARM Macro Assembler    Page 2 


   37 00000014 490F            LDR              R1,=PORTF_LOCK
   38 00000016 4810            LDR              R0,=PORTF_KEY ;PasswORd
   39 00000018 6008            STR              R0,[R1]
   40 0000001A 4910            LDR              R1,=PORTF_CR
   41 0000001C F04F 0011       MOV              R0,#0x11    ;PF0 activating    
                                                            
   42 00000020 6008            STR              R0,[R1]
   43 00000022 490F            LDR              R1,=GPIO_PORTF_DIR 
                                                            ;initialize port b
   44 00000024 6808            LDR              R0,[R1]
   45 00000026 F040 000E       ORR              R0,#0x0E
   46 0000002A 6008            STR              R0,[R1]
   47 0000002C 480D            LDR              R0,=PORTF_PUR
   48 0000002E F04F 0111       MOV              R1,#0X11
   49 00000032 6001            STR              R1,[R0]
   50 00000034 490C            LDR              R1,=GPIO_PORTF_AFSEL 
                                                            ;afsel should be 0
   51 00000036 6808            LDR              R0,[R1]
   52 00000038 F020 00FF       BIC              R0,#0xFF
   53 0000003C 6008            STR              R0,[R1]
   54 0000003E 490B            LDR              R1,=GPIO_PORTF_DEN ;den should 
                                                            be all 1
   55 00000040 6808            LDR              R0,[R1]
   56 00000042 F040 00FF       ORR              R0,#0xFF
   57 00000046 6008            STR              R0,[R1]
   58 00000048 F85D EB04       POP              {LR}
   59 0000004C BC3F            POP              {R0-R5}
   60 0000004E 4770            BX               LR
   61 00000050         
   62 00000050         ;LABEL      DIRECTIVE       VALUE                       
                           COMMENT
   63 00000050                 ALIGN
   64 00000050                 END
              400FE608 
              40025520 
              4C4F434B 
              40025524 
              40025400 
              40025510 
              40025420 
              4002551C 
Command Line: --debug --xref --diag_suppress=9931 --cpu=Cortex-M4.fp --apcs=int
erwork --depend=.\objects\gpio_init.d -o.\objects\gpio_init.o -I.\RTE\_Target_1
 -IC:\Keil_v5\ARM\PACK\Keil\TM4C_DFP\1.1.0\Device\Include\TM4C123 -IC:\Keil_v5\
ARM\CMSIS\Include --predefine="__EVAL SETA 1" --predefine="__UVISION_VERSION SE
TA 526" --predefine="TM4C123GH6PM SETA 1" --list=.\listings\gpio_init.lst GPIO_
INIT.s



ARM Macro Assembler    Page 1 Alphabetic symbol ordering
Relocatable symbols

sdata 00000000

Symbol: sdata
   Definitions
      At line 14 in file GPIO_INIT.s
   Uses
      None
Comment: sdata unused
1 symbol



ARM Macro Assembler    Page 1 Alphabetic symbol ordering
Relocatable symbols

GPIO 00000000

Symbol: GPIO
   Definitions
      At line 21 in file GPIO_INIT.s
   Uses
      None
Comment: GPIO unused
GPIO_INIT 00000000

Symbol: GPIO_INIT
   Definitions
      At line 25 in file GPIO_INIT.s
   Uses
      At line 23 in file GPIO_INIT.s
Comment: GPIO_INIT used once
PROC 00000000

Symbol: PROC
   Definitions
      At line 26 in file GPIO_INIT.s
   Uses
      None
Comment: PROC unused
3 symbols



ARM Macro Assembler    Page 1 Alphabetic symbol ordering
Absolute symbols

GPIO_PORTF_AFSEL 40025420

Symbol: GPIO_PORTF_AFSEL
   Definitions
      At line 7 in file GPIO_INIT.s
   Uses
      At line 50 in file GPIO_INIT.s
Comment: GPIO_PORTF_AFSEL used once
GPIO_PORTF_DATA 400253FC

Symbol: GPIO_PORTF_DATA
   Definitions
      At line 5 in file GPIO_INIT.s
   Uses
      None
Comment: GPIO_PORTF_DATA unused
GPIO_PORTF_DEN 4002551C

Symbol: GPIO_PORTF_DEN
   Definitions
      At line 8 in file GPIO_INIT.s
   Uses
      At line 54 in file GPIO_INIT.s
Comment: GPIO_PORTF_DEN used once
GPIO_PORTF_DIR 40025400

Symbol: GPIO_PORTF_DIR
   Definitions
      At line 6 in file GPIO_INIT.s
   Uses
      At line 43 in file GPIO_INIT.s
Comment: GPIO_PORTF_DIR used once
IOB 000000F0

Symbol: IOB
   Definitions
      At line 9 in file GPIO_INIT.s
   Uses
      None
Comment: IOB unused
PORTF_CR 40025524

Symbol: PORTF_CR
   Definitions
      At line 4 in file GPIO_INIT.s
   Uses
      At line 40 in file GPIO_INIT.s
Comment: PORTF_CR used once
PORTF_KEY 4C4F434B

Symbol: PORTF_KEY
   Definitions
      At line 3 in file GPIO_INIT.s
   Uses
      At line 38 in file GPIO_INIT.s
Comment: PORTF_KEY used once
PORTF_LOCK 40025520

Symbol: PORTF_LOCK



ARM Macro Assembler    Page 2 Alphabetic symbol ordering
Absolute symbols

   Definitions
      At line 2 in file GPIO_INIT.s
   Uses
      At line 37 in file GPIO_INIT.s
Comment: PORTF_LOCK used once
PORTF_PUR 40025510

Symbol: PORTF_PUR
   Definitions
      At line 11 in file GPIO_INIT.s
   Uses
      At line 47 in file GPIO_INIT.s
Comment: PORTF_PUR used once
SYSCTL_RCGCGPIO 400FE608

Symbol: SYSCTL_RCGCGPIO
   Definitions
      At line 10 in file GPIO_INIT.s
   Uses
      At line 29 in file GPIO_INIT.s
Comment: SYSCTL_RCGCGPIO used once
10 symbols
350 symbols in table
