


ARM Macro Assembler    Page 1 


    1 00000000         ;LABEL    DIRECTIVE VALUE  COMMENT
    2 00000000 40025520 
                       PORTF_LOCK
                               EQU              0X40025520  ;LOCK ADRESS
    3 00000000 400FE620 
                       RCGCI2C EQU              0x400FE620
    4 00000000 400FE608 
                       RCGCGPIO
                               EQU              0x400FE608
    5 00000000 40005400 
                       PORTB_DIR
                               EQU              0x40005400
    6 00000000 40005420 
                       PORTB_AFSEL
                               EQU              0x40005420
    7 00000000 4000551C 
                       PORTB_DEN
                               EQU              0x4000551C
    8 00000000 4000550C 
                       PORTB_ODR
                               EQU              0x4000550C
    9 00000000 4000552C 
                       PORTB_PCTL
                               EQU              0x4000552C
   10 00000000 40020020 
                       I2CMCR  EQU              0x40020020
   11 00000000 4002000C 
                       I2CMTPR EQU              0x4002000C
   12 00000000 40020000 
                       I2CMSA  EQU              0x40020000
   13 00000000 400FE000 
                       RCC     EQU              0x400FE000
   14 00000000 400FE050 
                       RIS     EQU              0x400FE050
   15 00000000         
   16 00000000 40020004 
                       I2CMCS  EQU              0x40020004
   17 00000000 40020008 
                       I2CMDR  EQU              0x40020008
   18 00000000         
   19 00000000 00007BFC 
                       counter EQU              0x00007BFC  ;7BFc
   20 00000000 20000401 
                       bitAddress
                               EQU              0x20000401
   21 00000000         ;LABEL  DIRECTIVE VALUE  COMMENT
   22 00000000                 AREA             sdata, DATA, READONLY
   23 00000000                 THUMB
   24 00000000         
   25 00000000         ;*******************************************************
                       ********
   26 00000000         ; Program section           
   27 00000000         ;*******************************************************
                       ********
   28 00000000         ;LABEL  DIRECTIVE VALUE  COMMENT
   29 00000000                 AREA             I2C, READONLY, CODE
   30 00000000                 THUMB
   31 00000000                 EXPORT           I2C_INIT
   32 00000000         



ARM Macro Assembler    Page 2 


   33 00000000         I2C_INIT
   34 00000000         PROC
   35 00000000 B43F            PUSH             {R0-R5}
   36 00000002 B500            PUSH             {LR}
   37 00000004         
   38 00000004         ;     LDR  R1,=RCC
   39 00000004         ;     LDR  R0,[R1]
   40 00000004         ;     LDR  R2,=0x00400000
   41 00000004         ;     BIC  R0,R2  ; USEYS 
   42 00000004         ;     ORR  R0,#0x800     ;Bypass
   43 00000004         ;     STR  R0,[R1]
   44 00000004         ;     
   45 00000004         ;     LDR  R0,[R1]
   46 00000004         ;     ORR  R0,#0x0600    ;XTAL
   47 00000004         ;     ORR  R0,#0x10    ;PIOSC
   48 00000004         ;     BIC  R0,#0x2000    ;Clear PWDN
   49 00000004         ;     STR  R0,[R1]
   50 00000004         ;     
   51 00000004         ;     LDR  R0,[R1]    ;SYSDIV
   52 00000004         ;     ORR  R0,#0x04C00000
   53 00000004         ;     STR  R0,[R1]
   54 00000004         ;     
   55 00000004         ;     LDR  R1,=RIS
   56 00000004         ;     
   57 00000004         ;loop    
   58 00000004         ;     LDR  R0,[R1]
   59 00000004         ;     ANDS  R0,#0x40
   60 00000004         ;     ADD  R7,#1
   61 00000004         ;     BEQ  loop
   62 00000004         ;     
   63 00000004         ;     LDR  R1,=RCC
   64 00000004         ;     LDR  R0,[R1]
   65 00000004         ;     BIC  R0,#0x800     ;Bypass
   66 00000004         ;     STR  R0,[R1]
   67 00000004         
   68 00000004 4915            LDR              R1,=RCGCI2C ; open clock of Por
                                                            t b I2c
   69 00000006 6808            LDR              R0,[R1]
   70 00000008 F040 0001       ORR              R0,#0x01
   71 0000000C 6008            STR              R0,[R1]
   72 0000000E BF00            NOP
   73 00000010 BF00            NOP
   74 00000012 BF00            NOP
   75 00000014         
   76 00000014 4912            LDR              R1,=RCGCGPIO ; open clock of Pr
                                                            ot b I2c
   77 00000016 6808            LDR              R0,[R1]
   78 00000018 F040 0002       ORR              R0,#0x02
   79 0000001C 6008            STR              R0,[R1]
   80 0000001E BF00            NOP
   81 00000020 BF00            NOP
   82 00000022 BF00            NOP
   83 00000024         
   84 00000024         
   85 00000024 490F            LDR              R1,=PORTB_DEN
   86 00000026 6808            LDR              R0,[R1]
   87 00000028 F040 000C       ORR              R0,#0x0C
   88 0000002C 6008            STR              R0,[R1]
   89 0000002E         



ARM Macro Assembler    Page 3 


   90 0000002E 490E            LDR              R1,=PORTB_AFSEL
   91 00000030 6808            LDR              R0,[R1]
   92 00000032 F040 000C       ORR              R0,#0x0C
   93 00000036 6008            STR              R0,[R1]
   94 00000038         
   95 00000038 490C            LDR              R1,=PORTB_ODR
   96 0000003A 6808            LDR              R0,[R1]
   97 0000003C F040 0008       ORR              R0,#0x08
   98 00000040 6008            STR              R0,[R1]
   99 00000042         
  100 00000042 490B            LDR              R1,=PORTB_PCTL
  101 00000044 F44F 504C       LDR              R0,=0x3300
  102 00000048 6008            STR              R0,[R1]
  103 0000004A         
  104 0000004A 490A            LDR              R1,=I2CMCR
  105 0000004C F04F 0010       LDR              R0,=0x10
  106 00000050 6008            STR              R0,[R1]
  107 00000052         
  108 00000052         
  109 00000052         
  110 00000052         
  111 00000052         
  112 00000052         
  113 00000052         
  114 00000052 F85D EB04       POP              {LR}
  115 00000056 BC3F            POP              {R0-R5}
  116 00000058 4770            BX               LR
  117 0000005A         
  118 0000005A         ;LABEL      DIRECTIVE       VALUE                       
                           COMMENT
  119 0000005A 00 00           ALIGN
  120 0000005C                 END
              400FE620 
              400FE608 
              4000551C 
              40005420 
              4000550C 
              4000552C 
              40020020 
Command Line: --debug --xref --diag_suppress=9931 --cpu=Cortex-M4.fp --apcs=int
erwork --depend=.\objects\i2c_init.d -o.\objects\i2c_init.o -I.\RTE\_Target_1 -
IC:\Keil_v5\ARM\PACK\Keil\TM4C_DFP\1.1.0\Device\Include\TM4C123 -IC:\Keil_v5\AR
M\CMSIS\Include --predefine="__EVAL SETA 1" --predefine="__UVISION_VERSION SETA
 526" --predefine="TM4C123GH6PM SETA 1" --list=.\listings\i2c_init.lst I2C_INIT
.s



ARM Macro Assembler    Page 1 Alphabetic symbol ordering
Relocatable symbols

sdata 00000000

Symbol: sdata
   Definitions
      At line 22 in file I2C_INIT.s
   Uses
      None
Comment: sdata unused
1 symbol



ARM Macro Assembler    Page 1 Alphabetic symbol ordering
Relocatable symbols

I2C 00000000

Symbol: I2C
   Definitions
      At line 29 in file I2C_INIT.s
   Uses
      None
Comment: I2C unused
I2C_INIT 00000000

Symbol: I2C_INIT
   Definitions
      At line 33 in file I2C_INIT.s
   Uses
      At line 31 in file I2C_INIT.s
Comment: I2C_INIT used once
PROC 00000000

Symbol: PROC
   Definitions
      At line 34 in file I2C_INIT.s
   Uses
      None
Comment: PROC unused
3 symbols



ARM Macro Assembler    Page 1 Alphabetic symbol ordering
Absolute symbols

I2CMCR 40020020

Symbol: I2CMCR
   Definitions
      At line 10 in file I2C_INIT.s
   Uses
      At line 104 in file I2C_INIT.s
Comment: I2CMCR used once
I2CMCS 40020004

Symbol: I2CMCS
   Definitions
      At line 16 in file I2C_INIT.s
   Uses
      None
Comment: I2CMCS unused
I2CMDR 40020008

Symbol: I2CMDR
   Definitions
      At line 17 in file I2C_INIT.s
   Uses
      None
Comment: I2CMDR unused
I2CMSA 40020000

Symbol: I2CMSA
   Definitions
      At line 12 in file I2C_INIT.s
   Uses
      None
Comment: I2CMSA unused
I2CMTPR 4002000C

Symbol: I2CMTPR
   Definitions
      At line 11 in file I2C_INIT.s
   Uses
      None
Comment: I2CMTPR unused
PORTB_AFSEL 40005420

Symbol: PORTB_AFSEL
   Definitions
      At line 6 in file I2C_INIT.s
   Uses
      At line 90 in file I2C_INIT.s
Comment: PORTB_AFSEL used once
PORTB_DEN 4000551C

Symbol: PORTB_DEN
   Definitions
      At line 7 in file I2C_INIT.s
   Uses
      At line 85 in file I2C_INIT.s
Comment: PORTB_DEN used once
PORTB_DIR 40005400

Symbol: PORTB_DIR



ARM Macro Assembler    Page 2 Alphabetic symbol ordering
Absolute symbols

   Definitions
      At line 5 in file I2C_INIT.s
   Uses
      None
Comment: PORTB_DIR unused
PORTB_ODR 4000550C

Symbol: PORTB_ODR
   Definitions
      At line 8 in file I2C_INIT.s
   Uses
      At line 95 in file I2C_INIT.s
Comment: PORTB_ODR used once
PORTB_PCTL 4000552C

Symbol: PORTB_PCTL
   Definitions
      At line 9 in file I2C_INIT.s
   Uses
      At line 100 in file I2C_INIT.s
Comment: PORTB_PCTL used once
PORTF_LOCK 40025520

Symbol: PORTF_LOCK
   Definitions
      At line 2 in file I2C_INIT.s
   Uses
      None
Comment: PORTF_LOCK unused
RCC 400FE000

Symbol: RCC
   Definitions
      At line 13 in file I2C_INIT.s
   Uses
      None
Comment: RCC unused
RCGCGPIO 400FE608

Symbol: RCGCGPIO
   Definitions
      At line 4 in file I2C_INIT.s
   Uses
      At line 76 in file I2C_INIT.s
Comment: RCGCGPIO used once
RCGCI2C 400FE620

Symbol: RCGCI2C
   Definitions
      At line 3 in file I2C_INIT.s
   Uses
      At line 68 in file I2C_INIT.s
Comment: RCGCI2C used once
RIS 400FE050

Symbol: RIS
   Definitions
      At line 14 in file I2C_INIT.s
   Uses



ARM Macro Assembler    Page 3 Alphabetic symbol ordering
Absolute symbols

      None
Comment: RIS unused
bitAddress 20000401

Symbol: bitAddress
   Definitions
      At line 20 in file I2C_INIT.s
   Uses
      None
Comment: bitAddress unused
counter 00007BFC

Symbol: counter
   Definitions
      At line 19 in file I2C_INIT.s
   Uses
      None
Comment: counter unused
17 symbols
357 symbols in table
