


ARM Macro Assembler    Page 1 


    1 00000000 40038004 
                       ADC0_RIS
                               EQU              0x40038004  ; Interrupt status
    2 00000000 40038028 
                       ADC0_PSSI
                               EQU              0x40038028  ; Initiate sample
    3 00000000 400380A8 
                       ADC0_SSFIFO3
                               EQU              0x400380A8  ; Channel 3 results
                                                            
    4 00000000 4003800C 
                       ADC0_ISC
                               EQU              0X4003800C  ; ADC Interrupt Cle
                                                            ar
    5 00000000 400253FC 
                       GPIO_PORTF_DATA
                               EQU              0x400253FC
    6 00000000 00007BFC 
                       counter EQU              0x00007BFC  ;7BFc
    7 00000000 20000401 
                       bitAddress
                               EQU              0x20000401
    8 00000000 40020000 
                       I2CMSA  EQU              0x40020000
    9 00000000 40020004 
                       I2CMCS  EQU              0x40020004
   10 00000000 40020008 
                       I2CMDR  EQU              0x40020008
   11 00000000 4002000C 
                       I2CMTPR EQU              0x4002000C
   12 00000000         
   13 00000000         
   14 00000000                 AREA             main, CODE, READONLY
   15 00000000                 THUMB
   16 00000000                 EXPORT           __main
   17 00000000                 EXTERN           ADC_INIT
   18 00000000                 EXTERN           TIMER_INIT
   19 00000000                 EXTERN           GPIO_INIT
   20 00000000                 EXTERN           DELAY100
   21 00000000                 EXTERN           I2C_INIT
   22 00000000                 EXTERN           POT
   23 00000000         __main
   24 00000000 F7FF FFFE       BL               GPIO_INIT
   25 00000004 F7FF FFFE       BL               ADC_INIT
   26 00000008         idle
   27 00000008 F7FF FFFE       BL               DELAY100
   28 0000000C         
   29 0000000C 493E            LDR              R1,=GPIO_PORTF_DATA ;mavi
   30 0000000E 6808            LDR              R0,[R1]
   31 00000010 F04F 0004       MOV              R0,#0x04    ;led
   32 00000014 6008            STR              R0,[R1]
   33 00000016         asilcheck
   34 00000016 493C    checkrec
                               LDR              R1,=GPIO_PORTF_DATA
   35 00000018 6808            LDR              R0,[R1]     ;tus basildi mi (0 
                                                            oldu mu) record but
                                                            ton
   36 0000001A F010 0010       ANDS             R0,#0x10
   37 0000001E D005            BEQ              checkRecJr



ARM Macro Assembler    Page 2 


   38 00000020 4939    checkplay
                               LDR              R1,=GPIO_PORTF_DATA
   39 00000022 6808            LDR              R0,[R1]     ;play button
   40 00000024 F010 0001       ANDS             R0,#0x01
   41 00000028 D008            BEQ              checkPlayJr
   42 0000002A E7F4            B                asilcheck
   43 0000002C         
   44 0000002C F7FF FFFE 
                       checkRecJr
                               BL               DELAY100
   45 00000030 4935            LDR              R1,=GPIO_PORTF_DATA
   46 00000032 6808    releaseR
                               LDR              R0,[R1]
   47 00000034 F010 0010       ANDS             R0,#0x10
   48 00000038 D0FB            BEQ              releaseR
   49 0000003A E007            B                verial
   50 0000003C         
   51 0000003C F7FF FFFE 
                       checkPlayJr
                               BL               DELAY100
   52 00000040 4931            LDR              R1,=GPIO_PORTF_DATA
   53 00000042 6808    releaseP
                               LDR              R0,[R1]
   54 00000044 F010 0001       ANDS             R0,#0x01
   55 00000048 D0FB            BEQ              releaseP
   56 0000004A E014            B                play
   57 0000004C         
   58 0000004C         
   59 0000004C         verial
   60 0000004C F7FF FFFE       BL               GPIO_INIT
   61 00000050 F7FF FFFE       BL               ADC_INIT
   62 00000054 F647 3BFC       LDR              R11, =counter
   63 00000058 4D2C            LDR              R5, =bitAddress
   64 0000005A F04F 0800       MOV              R8,#0       ;
   65 0000005E         
   66 0000005E 492A            LDR              R1,=GPIO_PORTF_DATA ;kirmizi
   67 00000060 6808            LDR              R0,[R1]
   68 00000062 F04F 0002       MOV              R0,#0x02
   69 00000066 6008            STR              R0,[R1]
   70 00000068         
   71 00000068         
   72 00000068 F7FF FFFE       BL               TIMER_INIT
   73 0000006C BF30    dongu   WFI                          ;veri alma bolumu
   74 0000006E F1BB 0F00       CMP              R11,#0
   75 00000072 D1FB            BNE              dongu
   76 00000074 E7C8            B                idle
   77 00000076         play
   78 00000076 4924            LDR              R1,=GPIO_PORTF_DATA
   79 00000078 6808            LDR              R0,[R1]
   80 0000007A F04F 0008       MOV              R0,#0x08    ;green
   81 0000007E 6008            STR              R0,[R1]
   82 00000080         
   83 00000080 F7FF FFFE       BL               I2C_INIT
   84 00000084         bas
   85 00000084 4F21            LDR              R7,=bitAddress
   86 00000086 4643            MOV              R3,R8       ;counter
   87 00000088         tekrar
   88 00000088 F7FF FFFE       BL               POT
   89 0000008C 4920            LDR              R1,=I2CMTPR



ARM Macro Assembler    Page 3 


   90 0000008E 4648            MOV              R0,R9
   91 00000090 6008            STR              R0,[R1]
   92 00000092         
   93 00000092 4920            LDR              R1,=I2CMSA
   94 00000094 F04F 00C4       MOV              R0,#0xC4
   95 00000098 6008            STR              R0,[R1]
   96 0000009A         
   97 0000009A 491F            LDR              R1,=I2CMDR
   98 0000009C 783E            LDRB             R6,[R7]
   99 0000009E EA4F 1616       LSR              R6,#4
  100 000000A2 F026 06F0       BIC              R6,#0xF0
  101 000000A6 700E            STRB             R6,[R1]
  102 000000A8         
  103 000000A8 491C            LDR              R1,=I2CMCS
  104 000000AA F04F 0203       MOV              R2,#0x3     ;start and run
  105 000000AE 600A            STR              R2,[R1]
  106 000000B0 BF00            NOP
  107 000000B2 BF00            NOP
  108 000000B4 BF00            NOP
  109 000000B6         
  110 000000B6 6808    busystart
                               LDR              R0,[R1]     ;check if it is bus
                                                            y
  111 000000B8 F010 0001       ANDS             R0,#0x01
  112 000000BC D1FB            BNE              busystart
  113 000000BE         
  114 000000BE         
  115 000000BE         
  116 000000BE 4916            LDR              R1,=I2CMDR
  117 000000C0 F817 6B01       LDRB             R6,[R7],#1
  118 000000C4 EA4F 1606       LSL              R6,#4
  119 000000C8 F026 060F       BIC              R6,#0x0F
  120 000000CC 700E            STRB             R6,[R1]
  121 000000CE         
  122 000000CE 4913            LDR              R1,=I2CMCS
  123 000000D0 F04F 0205       MOV              R2,#0x5     ;stop and run
  124 000000D4 600A            STR              R2,[R1]
  125 000000D6 BF00            NOP
  126 000000D8 BF00            NOP
  127 000000DA BF00            NOP
  128 000000DC         
  129 000000DC 6808    busystop
                               LDR              R0,[R1]
  130 000000DE F010 0001       ANDS             R0,#0x01
  131 000000E2 D1FB            BNE              busystop
  132 000000E4         
  133 000000E4         
  134 000000E4         
  135 000000E4 4908            LDR              R1,=GPIO_PORTF_DATA
  136 000000E6 6808            LDR              R0,[R1]
  137 000000E8 F010 0001       ANDS             R0,#0x01
  138 000000EC D002            BEQ              playRel
  139 000000EE 3B01            SUBS             R3,#1
  140 000000F0 D1CA            BNE              tekrar
  141 000000F2 E7C7            B                bas
  142 000000F4         
  143 000000F4 F7FF FFFE 
                       playRel BL               DELAY100
  144 000000F8 4903            LDR              R1,=GPIO_PORTF_DATA



ARM Macro Assembler    Page 4 


  145 000000FA 6808    asd     LDR              R0,[R1]
  146 000000FC F010 0001       ANDS             R0,#0x01
  147 00000100 D0FB            BEQ              asd
  148 00000102 E781            B                idle
  149 00000104         
  150 00000104         
  151 00000104 E7FE    done    B                done
  152 00000106                 END
              00 00 400253FC 
              20000401 
              4002000C 
              40020000 
              40020008 
              40020004 
Command Line: --debug --xref --diag_suppress=9931 --cpu=Cortex-M4.fp --apcs=int
erwork --depend=.\objects\main.d -o.\objects\main.o -I.\RTE\_Target_1 -IC:\Keil
_v5\ARM\PACK\Keil\TM4C_DFP\1.1.0\Device\Include\TM4C123 -IC:\Keil_v5\ARM\CMSIS\
Include --predefine="__EVAL SETA 1" --predefine="__UVISION_VERSION SETA 526" --
predefine="TM4C123GH6PM SETA 1" --list=.\listings\main.lst main.s



ARM Macro Assembler    Page 1 Alphabetic symbol ordering
Relocatable symbols

__main 00000000

Symbol: __main
   Definitions
      At line 23 in file main.s
   Uses
      At line 16 in file main.s
Comment: __main used once
asd 000000FA

Symbol: asd
   Definitions
      At line 145 in file main.s
   Uses
      At line 147 in file main.s
Comment: asd used once
asilcheck 00000016

Symbol: asilcheck
   Definitions
      At line 33 in file main.s
   Uses
      At line 42 in file main.s
Comment: asilcheck used once
bas 00000084

Symbol: bas
   Definitions
      At line 84 in file main.s
   Uses
      At line 141 in file main.s
Comment: bas used once
busystart 000000B6

Symbol: busystart
   Definitions
      At line 110 in file main.s
   Uses
      At line 112 in file main.s
Comment: busystart used once
busystop 000000DC

Symbol: busystop
   Definitions
      At line 129 in file main.s
   Uses
      At line 131 in file main.s
Comment: busystop used once
checkPlayJr 0000003C

Symbol: checkPlayJr
   Definitions
      At line 51 in file main.s
   Uses
      At line 41 in file main.s
Comment: checkPlayJr used once
checkRecJr 0000002C

Symbol: checkRecJr



ARM Macro Assembler    Page 2 Alphabetic symbol ordering
Relocatable symbols

   Definitions
      At line 44 in file main.s
   Uses
      At line 37 in file main.s
Comment: checkRecJr used once
checkplay 00000020

Symbol: checkplay
   Definitions
      At line 38 in file main.s
   Uses
      None
Comment: checkplay unused
checkrec 00000016

Symbol: checkrec
   Definitions
      At line 34 in file main.s
   Uses
      None
Comment: checkrec unused
done 00000104

Symbol: done
   Definitions
      At line 151 in file main.s
   Uses
      At line 151 in file main.s
Comment: done used once
dongu 0000006C

Symbol: dongu
   Definitions
      At line 73 in file main.s
   Uses
      At line 75 in file main.s
Comment: dongu used once
idle 00000008

Symbol: idle
   Definitions
      At line 26 in file main.s
   Uses
      At line 76 in file main.s
      At line 148 in file main.s

main 00000000

Symbol: main
   Definitions
      At line 14 in file main.s
   Uses
      None
Comment: main unused
play 00000076

Symbol: play
   Definitions
      At line 77 in file main.s



ARM Macro Assembler    Page 3 Alphabetic symbol ordering
Relocatable symbols

   Uses
      At line 56 in file main.s
Comment: play used once
playRel 000000F4

Symbol: playRel
   Definitions
      At line 143 in file main.s
   Uses
      At line 138 in file main.s
Comment: playRel used once
releaseP 00000042

Symbol: releaseP
   Definitions
      At line 53 in file main.s
   Uses
      At line 55 in file main.s
Comment: releaseP used once
releaseR 00000032

Symbol: releaseR
   Definitions
      At line 46 in file main.s
   Uses
      At line 48 in file main.s
Comment: releaseR used once
tekrar 00000088

Symbol: tekrar
   Definitions
      At line 87 in file main.s
   Uses
      At line 140 in file main.s
Comment: tekrar used once
verial 0000004C

Symbol: verial
   Definitions
      At line 59 in file main.s
   Uses
      At line 49 in file main.s
Comment: verial used once
20 symbols



ARM Macro Assembler    Page 1 Alphabetic symbol ordering
Absolute symbols

ADC0_ISC 4003800C

Symbol: ADC0_ISC
   Definitions
      At line 4 in file main.s
   Uses
      None
Comment: ADC0_ISC unused
ADC0_PSSI 40038028

Symbol: ADC0_PSSI
   Definitions
      At line 2 in file main.s
   Uses
      None
Comment: ADC0_PSSI unused
ADC0_RIS 40038004

Symbol: ADC0_RIS
   Definitions
      At line 1 in file main.s
   Uses
      None
Comment: ADC0_RIS unused
ADC0_SSFIFO3 400380A8

Symbol: ADC0_SSFIFO3
   Definitions
      At line 3 in file main.s
   Uses
      None
Comment: ADC0_SSFIFO3 unused
GPIO_PORTF_DATA 400253FC

Symbol: GPIO_PORTF_DATA
   Definitions
      At line 5 in file main.s
   Uses
      At line 29 in file main.s
      At line 34 in file main.s
      At line 38 in file main.s
      At line 45 in file main.s
      At line 52 in file main.s
      At line 66 in file main.s
      At line 78 in file main.s
      At line 135 in file main.s
      At line 144 in file main.s

I2CMCS 40020004

Symbol: I2CMCS
   Definitions
      At line 9 in file main.s
   Uses
      At line 103 in file main.s
      At line 122 in file main.s

I2CMDR 40020008




ARM Macro Assembler    Page 2 Alphabetic symbol ordering
Absolute symbols

Symbol: I2CMDR
   Definitions
      At line 10 in file main.s
   Uses
      At line 97 in file main.s
      At line 116 in file main.s

I2CMSA 40020000

Symbol: I2CMSA
   Definitions
      At line 8 in file main.s
   Uses
      At line 93 in file main.s
Comment: I2CMSA used once
I2CMTPR 4002000C

Symbol: I2CMTPR
   Definitions
      At line 11 in file main.s
   Uses
      At line 89 in file main.s
Comment: I2CMTPR used once
bitAddress 20000401

Symbol: bitAddress
   Definitions
      At line 7 in file main.s
   Uses
      At line 63 in file main.s
      At line 85 in file main.s

counter 00007BFC

Symbol: counter
   Definitions
      At line 6 in file main.s
   Uses
      At line 62 in file main.s
Comment: counter used once
11 symbols



ARM Macro Assembler    Page 1 Alphabetic symbol ordering
External symbols

ADC_INIT 00000000

Symbol: ADC_INIT
   Definitions
      At line 17 in file main.s
   Uses
      At line 25 in file main.s
      At line 61 in file main.s

DELAY100 00000000

Symbol: DELAY100
   Definitions
      At line 20 in file main.s
   Uses
      At line 27 in file main.s
      At line 44 in file main.s
      At line 51 in file main.s
      At line 143 in file main.s

GPIO_INIT 00000000

Symbol: GPIO_INIT
   Definitions
      At line 19 in file main.s
   Uses
      At line 24 in file main.s
      At line 60 in file main.s

I2C_INIT 00000000

Symbol: I2C_INIT
   Definitions
      At line 21 in file main.s
   Uses
      At line 83 in file main.s
Comment: I2C_INIT used once
POT 00000000

Symbol: POT
   Definitions
      At line 22 in file main.s
   Uses
      At line 88 in file main.s
Comment: POT used once
TIMER_INIT 00000000

Symbol: TIMER_INIT
   Definitions
      At line 18 in file main.s
   Uses
      At line 72 in file main.s
Comment: TIMER_INIT used once
6 symbols
373 symbols in table
