


ARM Macro Assembler    Page 1 


    1 00000000 400FE638 
                       RCGCADC EQU              0x400FE638  ; ADC clock registe
                                                            r
    2 00000000 40038000 
                       ADC0_ACTSS
                               EQU              0x40038000  ; Sample sequencer 
                                                            (ADC0 base address)
                                                            
    3 00000000 40038008 
                       ADC0_IM EQU              0x40038008  ; Interrupt select
    4 00000000 40038014 
                       ADC0_EMUX
                               EQU              0x40038014  ; Trigger select
    5 00000000         
    6 00000000 400380A0 
                       ADC0_SSMUX3
                               EQU              0x400380A0  ; Input channel sel
                                                            ect
    7 00000000 40038080 
                       ADC0_SSMUX2
                               EQU              0x40038080  ; Input channel sel
                                                            ect
    8 00000000 400380A4 
                       ADC0_SSCTL3
                               EQU              0x400380A4  ; Sample sequence c
                                                            ontrol
    9 00000000 40038084 
                       ADC0_SSCTL2
                               EQU              0x40038084  ; Sample sequence c
                                                            ontrol
   10 00000000 400380A8 
                       ADC0_SSFIFO3
                               EQU              0x400380A8  ; Channel 3 results
                                                            
   11 00000000 40038FC4 
                       ADC0_PP EQU              0x40038FC4  ; Sample rate
   12 00000000 400FE608 
                       RCGCGPIO
                               EQU              0x400FE608  ; GPIO clock regist
                                                            er
   13 00000000 4002451C 
                       PORTE_DEN
                               EQU              0x4002451C  ; Digital Enable
   14 00000000 40024400 
                       PORTE_DIR
                               EQU              0x40024400  ; Digital Enable 
   15 00000000 4002452C 
                       PORTE_PCTL
                               EQU              0x4002452C  ; Alternate functio
                                                            n select
   16 00000000 40024420 
                       PORTE_AFSEL
                               EQU              0x40024420  ; Enable Alt functi
                                                            ons
   17 00000000 40024528 
                       PORTE_AMSEL
                               EQU              0x40024528  ; Enable analog
   18 00000000         
   19 00000000 40038004 



ARM Macro Assembler    Page 2 


                       ADC0_RIS
                               EQU              0x40038004  ; Interrupt status
   20 00000000 40038028 
                       ADC0_PSSI
                               EQU              0x40038028  ; Initiate sample
   21 00000000 40038088 
                       ADC0_SSFIFO2
                               EQU              0x40038088  ; Channel 3 results
                                                            
   22 00000000 4003800C 
                       ADC0_ISC
                               EQU              0X4003800C  ; ADC Interrupt Cle
                                                            ar
   23 00000000         
   24 00000000                 AREA             adcint, CODE, READONLY
   25 00000000                 THUMB
   26 00000000                 EXPORT           POT
   27 00000000         
   28 00000000         
   29 00000000         POT     PROC
   30 00000000 B4FF            PUSH{R0-R7}
   31 00000002 B500            PUSH{LR}
   32 00000004 4B0F            LDR              R3, =ADC0_RIS
   33 00000006 4C10            LDR              R4, =ADC0_SSFIFO2
   34 00000008 4A10            LDR              R2, =ADC0_PSSI
   35 0000000A 4E11            LDR              R6,= ADC0_ISC
   36 0000000C F04F 0700       MOV              R7,0        ;
   37 00000010 6017            STR              R7,[R2]     ;
   38 00000012 601F            STR              R7,[R3]     ;
   39 00000014         
   40 00000014         
   41 00000014 6810            LDR              R0, [R2]
   42 00000016 F040 0004       ORR              R0, R0, #0x04 ; start SS3
   43 0000001A 6010            STR              R0, [R2]
   44 0000001C         
   45 0000001C 6818    wait    LDR              R0, [R3]    ;wait till RIS enab
                                                            le
   46 0000001E 2804            CMP              R0, #4
   47 00000020 D1FC            BNE              wait
   48 00000022         
   49 00000022 6820            LDR              R0,[R4]     ;R0 holds the value
                                                            
   50 00000024 2800            CMP              R0,0
   51 00000026 D000            BEQ              ata
   52 00000028 D101            BNE              devam
   53 0000002A F04F 0001 
                       ata     MOV              R0,#1
   54 0000002E         devam
   55 0000002E F44F 7100       MOV              R1,#0x200
   56 00000032 FBB0 F0F1       UDIV             R0,R0,R1
   57 00000036 F100 0001       ADD              R0,R0,#1
   58 0000003A 4681            MOV              R9,R0
   59 0000003C F85D EB04       POP{LR}
   60 00000040 BCFF            POP{R0-R7}
   61 00000042 4770            BX               LR          ; return
   62 00000044                 ENDP
   63 00000044                 END
              40038004 
              40038088 



ARM Macro Assembler    Page 3 


              40038028 
              4003800C 
Command Line: --debug --xref --diag_suppress=9931 --cpu=Cortex-M4.fp --apcs=int
erwork --depend=.\objects\pot.d -o.\objects\pot.o -I.\RTE\_Target_1 -IC:\Keil_v
5\ARM\PACK\Keil\TM4C_DFP\1.1.0\Device\Include\TM4C123 -IC:\Keil_v5\ARM\CMSIS\In
clude --predefine="__EVAL SETA 1" --predefine="__UVISION_VERSION SETA 526" --pr
edefine="TM4C123GH6PM SETA 1" --list=.\listings\pot.lst POT.s



ARM Macro Assembler    Page 1 Alphabetic symbol ordering
Relocatable symbols

POT 00000000

Symbol: POT
   Definitions
      At line 29 in file POT.s
   Uses
      At line 26 in file POT.s
Comment: POT used once
adcint 00000000

Symbol: adcint
   Definitions
      At line 24 in file POT.s
   Uses
      None
Comment: adcint unused
ata 0000002A

Symbol: ata
   Definitions
      At line 53 in file POT.s
   Uses
      At line 51 in file POT.s
Comment: ata used once
devam 0000002E

Symbol: devam
   Definitions
      At line 54 in file POT.s
   Uses
      At line 52 in file POT.s
Comment: devam used once
wait 0000001C

Symbol: wait
   Definitions
      At line 45 in file POT.s
   Uses
      At line 47 in file POT.s
Comment: wait used once
5 symbols



ARM Macro Assembler    Page 1 Alphabetic symbol ordering
Absolute symbols

ADC0_ACTSS 40038000

Symbol: ADC0_ACTSS
   Definitions
      At line 2 in file POT.s
   Uses
      None
Comment: ADC0_ACTSS unused
ADC0_EMUX 40038014

Symbol: ADC0_EMUX
   Definitions
      At line 4 in file POT.s
   Uses
      None
Comment: ADC0_EMUX unused
ADC0_IM 40038008

Symbol: ADC0_IM
   Definitions
      At line 3 in file POT.s
   Uses
      None
Comment: ADC0_IM unused
ADC0_ISC 4003800C

Symbol: ADC0_ISC
   Definitions
      At line 22 in file POT.s
   Uses
      At line 35 in file POT.s
Comment: ADC0_ISC used once
ADC0_PP 40038FC4

Symbol: ADC0_PP
   Definitions
      At line 11 in file POT.s
   Uses
      None
Comment: ADC0_PP unused
ADC0_PSSI 40038028

Symbol: ADC0_PSSI
   Definitions
      At line 20 in file POT.s
   Uses
      At line 34 in file POT.s
Comment: ADC0_PSSI used once
ADC0_RIS 40038004

Symbol: ADC0_RIS
   Definitions
      At line 19 in file POT.s
   Uses
      At line 32 in file POT.s
Comment: ADC0_RIS used once
ADC0_SSCTL2 40038084

Symbol: ADC0_SSCTL2



ARM Macro Assembler    Page 2 Alphabetic symbol ordering
Absolute symbols

   Definitions
      At line 9 in file POT.s
   Uses
      None
Comment: ADC0_SSCTL2 unused
ADC0_SSCTL3 400380A4

Symbol: ADC0_SSCTL3
   Definitions
      At line 8 in file POT.s
   Uses
      None
Comment: ADC0_SSCTL3 unused
ADC0_SSFIFO2 40038088

Symbol: ADC0_SSFIFO2
   Definitions
      At line 21 in file POT.s
   Uses
      At line 33 in file POT.s
Comment: ADC0_SSFIFO2 used once
ADC0_SSFIFO3 400380A8

Symbol: ADC0_SSFIFO3
   Definitions
      At line 10 in file POT.s
   Uses
      None
Comment: ADC0_SSFIFO3 unused
ADC0_SSMUX2 40038080

Symbol: ADC0_SSMUX2
   Definitions
      At line 7 in file POT.s
   Uses
      None
Comment: ADC0_SSMUX2 unused
ADC0_SSMUX3 400380A0

Symbol: ADC0_SSMUX3
   Definitions
      At line 6 in file POT.s
   Uses
      None
Comment: ADC0_SSMUX3 unused
PORTE_AFSEL 40024420

Symbol: PORTE_AFSEL
   Definitions
      At line 16 in file POT.s
   Uses
      None
Comment: PORTE_AFSEL unused
PORTE_AMSEL 40024528

Symbol: PORTE_AMSEL
   Definitions
      At line 17 in file POT.s
   Uses



ARM Macro Assembler    Page 3 Alphabetic symbol ordering
Absolute symbols

      None
Comment: PORTE_AMSEL unused
PORTE_DEN 4002451C

Symbol: PORTE_DEN
   Definitions
      At line 13 in file POT.s
   Uses
      None
Comment: PORTE_DEN unused
PORTE_DIR 40024400

Symbol: PORTE_DIR
   Definitions
      At line 14 in file POT.s
   Uses
      None
Comment: PORTE_DIR unused
PORTE_PCTL 4002452C

Symbol: PORTE_PCTL
   Definitions
      At line 15 in file POT.s
   Uses
      None
Comment: PORTE_PCTL unused
RCGCADC 400FE638

Symbol: RCGCADC
   Definitions
      At line 1 in file POT.s
   Uses
      None
Comment: RCGCADC unused
RCGCGPIO 400FE608

Symbol: RCGCGPIO
   Definitions
      At line 12 in file POT.s
   Uses
      None
Comment: RCGCGPIO unused
20 symbols
361 symbols in table
