


ARM Macro Assembler    Page 1 


    1 00000000         ; Pulse.s
    2 00000000         ; Routine for creating a pulse train using interrupts
    3 00000000         ; This uses Channel 0, and a 1MHz Timer Clock (_TAPR = 1
                       5 )
    4 00000000         ; Uses Timer0A to create pulse train on PF2
    5 00000000         
    6 00000000         ;Nested Vector Interrupt Controller registers
    7 00000000 00080000 
                       NVIC_EN0_INT19
                               EQU              0x00080000  ; Interrupt 19 enab
                                                            le
    8 00000000 E000E100 
                       NVIC_EN0
                               EQU              0xE000E100  ; IRQ 0 to 31 Set E
                                                            nable Register
    9 00000000 E000E410 
                       NVIC_PRI4
                               EQU              0xE000E410  ; IRQ 16 to 19 Prio
                                                            rity Register
   10 00000000 00085556 
                       NUM     EQU              0X00085556
   11 00000000         ; 16/32 Timer Registers
   12 00000000 40030000 
                       TIMER0_CFG
                               EQU              0x40030000
   13 00000000 40030004 
                       TIMER0_TAMR
                               EQU              0x40030004
   14 00000000 4003000C 
                       TIMER0_CTL
                               EQU              0x4003000C
   15 00000000 40030018 
                       TIMER0_IMR
                               EQU              0x40030018
   16 00000000 4003001C 
                       TIMER0_RIS
                               EQU              0x4003001C  ; Timer Interrupt S
                                                            tatus
   17 00000000 40030024 
                       TIMER0_ICR
                               EQU              0x40030024  ; Timer Interrupt C
                                                            lear
   18 00000000 40030028 
                       TIMER0_TAILR
                               EQU              0x40030028  ; Timer interval
   19 00000000 40030038 
                       TIMER0_TAPR
                               EQU              0x40030038
   20 00000000 40030048 
                       TIMER0_TAR
                               EQU              0x40030048  ; Timer register
   21 00000000         
   22 00000000         ;GPIO Registers
   23 00000000 400253FC 
                       GPIO_PORTF_DATA
                               EQU              0x400253FC
   24 00000000 40025400 
                       GPIO_PORTF_DIR
                               EQU              0x40025400  ; Port Direction



ARM Macro Assembler    Page 2 


   25 00000000 40025420 
                       GPIO_PORTF_AFSEL
                               EQU              0x40025420  ; Alt Function enab
                                                            le
   26 00000000 4002551C 
                       GPIO_PORTF_DEN
                               EQU              0x4002551C  ; Digital Enable
   27 00000000 40025528 
                       GPIO_PORTF_AMSEL
                               EQU              0x40025528  ; Analog enable
   28 00000000 4002552C 
                       GPIO_PORTF_PCTL
                               EQU              0x4002552C  ; Alternate Functio
                                                            ns
   29 00000000         
   30 00000000         ;System Registers
   31 00000000 400FE608 
                       SYSCTL_RCGCGPIO
                               EQU              0x400FE608  ; GPIO Gate Control
                                                            
   32 00000000 400FE604 
                       SYSCTL_RCGCTIMER
                               EQU              0x400FE604  ; GPTM Gate Control
                                                            
   33 00000000         ;ADC Registers
   34 00000000 40038004 
                       ADC0_RIS
                               EQU              0x40038004  ; Interrupt status
   35 00000000 40038028 
                       ADC0_PSSI
                               EQU              0x40038028  ; Initiate sample
   36 00000000 400380A8 
                       ADC0_SSFIFO3
                               EQU              0x400380A8  ; Channel 3 results
                                                            
   37 00000000 4003800C 
                       ADC0_ISC
                               EQU              0X4003800C  ; ADC Interrupt Cle
                                                            ar
   38 00000000 00007BFC 
                       counter EQU              0x00007BFC
   39 00000000 20000401 
                       bitAddress
                               EQU              0x20000401
   40 00000000         ;---------------------------------------------------
   41 00000000 0000007D 
                       range   EQU              0x0000007D
   42 00000000         ;---------------------------------------------------
   43 00000000         
   44 00000000                 AREA             main, CODE, READONLY
   45 00000000                 THUMB
   46 00000000                 EXPORT           My_Timer0A_Handler
   47 00000000                 EXPORT           TIMER_INIT
   48 00000000                 EXTERN           DELAY100
   49 00000000         ;---------------------------------------------------    
                        
   50 00000000         My_Timer0A_Handler
                               PROC
   51 00000000 B500            PUSH             {LR}



ARM Macro Assembler    Page 3 


   52 00000002 4936            LDR              R1,=TIMER0_ICR ; when interrupt
                                                             arrive clear tator
                                                            is
   53 00000004 F04F 0201       MOV              R2,#0X01
   54 00000008 700A            STRB             R2,[R1]
   55 0000000A         
   56 0000000A         
   57 0000000A         
   58 0000000A 4B35            LDR              R3, =ADC0_RIS
   59 0000000C 4C35            LDR              R4, =ADC0_SSFIFO3
   60 0000000E 4A36            LDR              R2, =ADC0_PSSI
   61 00000010 4E36            LDR              R6,= ADC0_ISC
   62 00000012 F04F 0700       MOV              R7,0        ;
   63 00000016 6017            STR              R7,[R2]     ;
   64 00000018 601F            STR              R7,[R3]     ;
   65 0000001A         
   66 0000001A 6810            LDR              R0, [R2]
   67 0000001C F040 0008       ORR              R0, R0, #0x08 ; start SS3
   68 00000020 6010            STR              R0, [R2]
   69 00000022         
   70 00000022 6818    wait    LDR              R0, [R3]    ;wait till RIS enab
                                                            le
   71 00000024 F010 0008       ANDS             R0, #0x08
   72 00000028 D0FB            BEQ              wait
   73 0000002A 6820            LDR              R0,[R4]     ;R0 holds the value
                                                            
   74 0000002C EA4F 1010       LSR              R0,R0,#4
   75 00000030 F805 0B01       STRB             R0,[R5],#1
   76 00000034 F04F 0008       MOV              R0, #8
   77 00000038 6030            STR              R0, [R6]    ; clear flag
   78 0000003A F108 0801       ADD              R8,#1       ;counter
   79 0000003E         
   80 0000003E 492C            LDR              R1,=GPIO_PORTF_DATA
   81 00000040 6808            LDR              R0,[R1]
   82 00000042 F010 0010       ANDS             R0,#0x10
   83 00000046 D003            BEQ              recRel
   84 00000048 F1BB 0B01       SUBS             R11,#1
   85 0000004C D112            BNE              terminate
   86 0000004E D00D            BEQ              stop
   87 00000050 4928    recRel  LDR              R1, =TIMER0_CTL ; disable timer
                                                             during setup LDR R
                                                            2, [R1]
   88 00000052 F022 0201       BIC              R2, R2, #0x01
   89 00000056 600A            STR              R2, [R1]
   90 00000058 F04F 0B00       MOV              R11,#0
   91 0000005C 4826            LDR              R0,=NUM
   92 0000005E 3801    loop    SUBS             R0,#1       ;3 clock cycle loop
                                                             
   93 00000060 D1FD            BNE              loop
   94 00000062 4923            LDR              R1,=GPIO_PORTF_DATA
   95 00000064 6808    asd     LDR              R0,[R1]
   96 00000066 F010 0010       ANDS             R0,#0x10
   97 0000006A D0FB            BEQ              asd
   98 0000006C 4921    stop    LDR              R1, =TIMER0_CTL ; disable timer
                                                             during setup LDR R
                                                            2, [R1]
   99 0000006E F022 0201       BIC              R2, R2, #0x01
  100 00000072 600A            STR              R2, [R1]
  101 00000074         



ARM Macro Assembler    Page 4 


  102 00000074         terminate
  103 00000074 F85D EB04       POP{LR}
  104 00000078 4770            BX               LR
  105 0000007A                 ENDP
  106 0000007A         ;---------------------------------------------------
  107 0000007A         
  108 0000007A         TIMER_INIT
                               PROC
  109 0000007A         
  110 0000007A 4920            LDR              R1, =SYSCTL_RCGCTIMER 
                                                            ; Start Timer0
  111 0000007C 680A            LDR              R2, [R1]
  112 0000007E F042 0201       ORR              R2, R2, #0x01
  113 00000082 600A            STR              R2, [R1]
  114 00000084 BF00            NOP                          ; allow clock to se
                                                            ttle
  115 00000086 BF00            NOP
  116 00000088 BF00            NOP
  117 0000008A 491A            LDR              R1, =TIMER0_CTL ; disable timer
                                                             during setup LDR R
                                                            2, [R1]
  118 0000008C F022 0201       BIC              R2, R2, #0x01
  119 00000090 600A            STR              R2, [R1]
  120 00000092 491B            LDR              R1, =TIMER0_CFG 
                                                            ; set 16 bit mode
  121 00000094 F04F 0204       MOV              R2, #0x04
  122 00000098 600A            STR              R2, [R1]
  123 0000009A 491A            LDR              R1, =TIMER0_TAMR
  124 0000009C F04F 0202       MOV              R2, #0x02   ; set to periodic, 
                                                            count down
  125 000000A0 600A            STR              R2, [R1]
  126 000000A2 4919            LDR              R1, =TIMER0_TAILR ; initialize 
                                                            match clocks
  127 000000A4 F04F 027D       LDR              R2, =range
  128 000000A8 600A            STR              R2, [R1]
  129 000000AA 4918            LDR              R1, =TIMER0_TAPR
  130 000000AC F04F 020F       MOV              R2, #15     ; divide clock by 1
                                                            6 to
  131 000000B0 600A            STR              R2, [R1]    ; get 1us clocks
  132 000000B2 4917            LDR              R1, =TIMER0_IMR ; enable timeou
                                                            t interrupt
  133 000000B4 F04F 0201       MOV              R2, #0x01
  134 000000B8 600A            STR              R2, [R1]
  135 000000BA         ; Configure interrupt priorities
  136 000000BA         ; Timer0A is interrupt #19.
  137 000000BA         ; Interrupts 16-19 are handled by NVIC register PRI4.
  138 000000BA         ; Interrupt 19 is controlled by bits 31:29 of PRI4.
  139 000000BA         ; set NVIC interrupt 19 to priority 2
  140 000000BA 4916            LDR              R1, =NVIC_PRI4
  141 000000BC 680A            LDR              R2, [R1]
  142 000000BE F022 427F       AND              R2, R2, #0x00FFFFFF ; clear int
                                                            errupt 19 priority
  143 000000C2 F042 4280       ORR              R2, R2, #0x40000000 ; set inter
                                                            rupt 19 priority to
                                                             2
  144 000000C6 600A            STR              R2, [R1]
  145 000000C8         ; NVIC has to be enabled
  146 000000C8         ; Interrupts 0-31 are handled by NVIC register EN0
  147 000000C8         ; Interrupt 19 is controlled by bit 19



ARM Macro Assembler    Page 5 


  148 000000C8         ; enable interrupt 19 in NVIC
  149 000000C8 4913            LDR              R1, =NVIC_EN0
  150 000000CA F2C0 0208       MOVT             R2, #0x08   ; set bit 19 to ena
                                                            ble interrupt 19
  151 000000CE 600A            STR              R2, [R1]
  152 000000D0         ; Enable timer
  153 000000D0 4908            LDR              R1, =TIMER0_CTL
  154 000000D2 680A            LDR              R2, [R1]
  155 000000D4 F042 0203       ORR              R2, R2, #0x03 ; set bit0 to ena
                                                            ble
  156 000000D8 600A            STR              R2, [R1]    ; and bit 1 to stal
                                                            l on debug  
  157 000000DA 4770            BX               LR          ; return
  158 000000DC                 ENDP
  159 000000DC                 END
              40030024 
              40038004 
              400380A8 
              40038028 
              4003800C 
              400253FC 
              4003000C 
              00085556 
              400FE604 
              40030000 
              40030004 
              40030028 
              40030038 
              40030018 
              E000E410 
              E000E100 
Command Line: --debug --xref --diag_suppress=9931 --cpu=Cortex-M4.fp --apcs=int
erwork --depend=.\objects\timer_init.d -o.\objects\timer_init.o -I.\RTE\_Target
_1 -IC:\Keil_v5\ARM\PACK\Keil\TM4C_DFP\1.1.0\Device\Include\TM4C123 -IC:\Keil_v
5\ARM\CMSIS\Include --predefine="__EVAL SETA 1" --predefine="__UVISION_VERSION 
SETA 526" --predefine="TM4C123GH6PM SETA 1" --list=.\listings\timer_init.lst TI
MER_INIT.s



ARM Macro Assembler    Page 1 Alphabetic symbol ordering
Relocatable symbols

My_Timer0A_Handler 00000000

Symbol: My_Timer0A_Handler
   Definitions
      At line 50 in file TIMER_INIT.s
   Uses
      At line 46 in file TIMER_INIT.s
Comment: My_Timer0A_Handler used once
TIMER_INIT 0000007A

Symbol: TIMER_INIT
   Definitions
      At line 108 in file TIMER_INIT.s
   Uses
      At line 47 in file TIMER_INIT.s
Comment: TIMER_INIT used once
asd 00000064

Symbol: asd
   Definitions
      At line 95 in file TIMER_INIT.s
   Uses
      At line 97 in file TIMER_INIT.s
Comment: asd used once
loop 0000005E

Symbol: loop
   Definitions
      At line 92 in file TIMER_INIT.s
   Uses
      At line 93 in file TIMER_INIT.s
Comment: loop used once
main 00000000

Symbol: main
   Definitions
      At line 44 in file TIMER_INIT.s
   Uses
      None
Comment: main unused
recRel 00000050

Symbol: recRel
   Definitions
      At line 87 in file TIMER_INIT.s
   Uses
      At line 83 in file TIMER_INIT.s
Comment: recRel used once
stop 0000006C

Symbol: stop
   Definitions
      At line 98 in file TIMER_INIT.s
   Uses
      At line 86 in file TIMER_INIT.s
Comment: stop used once
terminate 00000074

Symbol: terminate



ARM Macro Assembler    Page 2 Alphabetic symbol ordering
Relocatable symbols

   Definitions
      At line 102 in file TIMER_INIT.s
   Uses
      At line 85 in file TIMER_INIT.s
Comment: terminate used once
wait 00000022

Symbol: wait
   Definitions
      At line 70 in file TIMER_INIT.s
   Uses
      At line 72 in file TIMER_INIT.s
Comment: wait used once
9 symbols



ARM Macro Assembler    Page 1 Alphabetic symbol ordering
Absolute symbols

ADC0_ISC 4003800C

Symbol: ADC0_ISC
   Definitions
      At line 37 in file TIMER_INIT.s
   Uses
      At line 61 in file TIMER_INIT.s
Comment: ADC0_ISC used once
ADC0_PSSI 40038028

Symbol: ADC0_PSSI
   Definitions
      At line 35 in file TIMER_INIT.s
   Uses
      At line 60 in file TIMER_INIT.s
Comment: ADC0_PSSI used once
ADC0_RIS 40038004

Symbol: ADC0_RIS
   Definitions
      At line 34 in file TIMER_INIT.s
   Uses
      At line 58 in file TIMER_INIT.s
Comment: ADC0_RIS used once
ADC0_SSFIFO3 400380A8

Symbol: ADC0_SSFIFO3
   Definitions
      At line 36 in file TIMER_INIT.s
   Uses
      At line 59 in file TIMER_INIT.s
Comment: ADC0_SSFIFO3 used once
GPIO_PORTF_AFSEL 40025420

Symbol: GPIO_PORTF_AFSEL
   Definitions
      At line 25 in file TIMER_INIT.s
   Uses
      None
Comment: GPIO_PORTF_AFSEL unused
GPIO_PORTF_AMSEL 40025528

Symbol: GPIO_PORTF_AMSEL
   Definitions
      At line 27 in file TIMER_INIT.s
   Uses
      None
Comment: GPIO_PORTF_AMSEL unused
GPIO_PORTF_DATA 400253FC

Symbol: GPIO_PORTF_DATA
   Definitions
      At line 23 in file TIMER_INIT.s
   Uses
      At line 80 in file TIMER_INIT.s
      At line 94 in file TIMER_INIT.s

GPIO_PORTF_DEN 4002551C




ARM Macro Assembler    Page 2 Alphabetic symbol ordering
Absolute symbols

Symbol: GPIO_PORTF_DEN
   Definitions
      At line 26 in file TIMER_INIT.s
   Uses
      None
Comment: GPIO_PORTF_DEN unused
GPIO_PORTF_DIR 40025400

Symbol: GPIO_PORTF_DIR
   Definitions
      At line 24 in file TIMER_INIT.s
   Uses
      None
Comment: GPIO_PORTF_DIR unused
GPIO_PORTF_PCTL 4002552C

Symbol: GPIO_PORTF_PCTL
   Definitions
      At line 28 in file TIMER_INIT.s
   Uses
      None
Comment: GPIO_PORTF_PCTL unused
NUM 00085556

Symbol: NUM
   Definitions
      At line 10 in file TIMER_INIT.s
   Uses
      At line 91 in file TIMER_INIT.s
Comment: NUM used once
NVIC_EN0 E000E100

Symbol: NVIC_EN0
   Definitions
      At line 8 in file TIMER_INIT.s
   Uses
      At line 149 in file TIMER_INIT.s
Comment: NVIC_EN0 used once
NVIC_EN0_INT19 00080000

Symbol: NVIC_EN0_INT19
   Definitions
      At line 7 in file TIMER_INIT.s
   Uses
      None
Comment: NVIC_EN0_INT19 unused
NVIC_PRI4 E000E410

Symbol: NVIC_PRI4
   Definitions
      At line 9 in file TIMER_INIT.s
   Uses
      At line 140 in file TIMER_INIT.s
Comment: NVIC_PRI4 used once
SYSCTL_RCGCGPIO 400FE608

Symbol: SYSCTL_RCGCGPIO
   Definitions
      At line 31 in file TIMER_INIT.s



ARM Macro Assembler    Page 3 Alphabetic symbol ordering
Absolute symbols

   Uses
      None
Comment: SYSCTL_RCGCGPIO unused
SYSCTL_RCGCTIMER 400FE604

Symbol: SYSCTL_RCGCTIMER
   Definitions
      At line 32 in file TIMER_INIT.s
   Uses
      At line 110 in file TIMER_INIT.s
Comment: SYSCTL_RCGCTIMER used once
TIMER0_CFG 40030000

Symbol: TIMER0_CFG
   Definitions
      At line 12 in file TIMER_INIT.s
   Uses
      At line 120 in file TIMER_INIT.s
Comment: TIMER0_CFG used once
TIMER0_CTL 4003000C

Symbol: TIMER0_CTL
   Definitions
      At line 14 in file TIMER_INIT.s
   Uses
      At line 87 in file TIMER_INIT.s
      At line 98 in file TIMER_INIT.s
      At line 117 in file TIMER_INIT.s
      At line 153 in file TIMER_INIT.s

TIMER0_ICR 40030024

Symbol: TIMER0_ICR
   Definitions
      At line 17 in file TIMER_INIT.s
   Uses
      At line 52 in file TIMER_INIT.s
Comment: TIMER0_ICR used once
TIMER0_IMR 40030018

Symbol: TIMER0_IMR
   Definitions
      At line 15 in file TIMER_INIT.s
   Uses
      At line 132 in file TIMER_INIT.s
Comment: TIMER0_IMR used once
TIMER0_RIS 4003001C

Symbol: TIMER0_RIS
   Definitions
      At line 16 in file TIMER_INIT.s
   Uses
      None
Comment: TIMER0_RIS unused
TIMER0_TAILR 40030028

Symbol: TIMER0_TAILR
   Definitions
      At line 18 in file TIMER_INIT.s



ARM Macro Assembler    Page 4 Alphabetic symbol ordering
Absolute symbols

   Uses
      At line 126 in file TIMER_INIT.s
Comment: TIMER0_TAILR used once
TIMER0_TAMR 40030004

Symbol: TIMER0_TAMR
   Definitions
      At line 13 in file TIMER_INIT.s
   Uses
      At line 123 in file TIMER_INIT.s
Comment: TIMER0_TAMR used once
TIMER0_TAPR 40030038

Symbol: TIMER0_TAPR
   Definitions
      At line 19 in file TIMER_INIT.s
   Uses
      At line 129 in file TIMER_INIT.s
Comment: TIMER0_TAPR used once
TIMER0_TAR 40030048

Symbol: TIMER0_TAR
   Definitions
      At line 20 in file TIMER_INIT.s
   Uses
      None
Comment: TIMER0_TAR unused
bitAddress 20000401

Symbol: bitAddress
   Definitions
      At line 39 in file TIMER_INIT.s
   Uses
      None
Comment: bitAddress unused
counter 00007BFC

Symbol: counter
   Definitions
      At line 38 in file TIMER_INIT.s
   Uses
      None
Comment: counter unused
range 0000007D

Symbol: range
   Definitions
      At line 41 in file TIMER_INIT.s
   Uses
      At line 127 in file TIMER_INIT.s
Comment: range used once
28 symbols



ARM Macro Assembler    Page 1 Alphabetic symbol ordering
External symbols

DELAY100 00000000

Symbol: DELAY100
   Definitions
      At line 48 in file TIMER_INIT.s
   Uses
      None
Comment: DELAY100 unused
1 symbol
374 symbols in table
